============================================================
  Generated by:           Encounter(R) RTL Compiler RC14.13 - v14.10-s027_1
  Generated on:           Oct 05 2021  11:33:19 pm
  Module:                 fsm
  Technology library:     NanGate_15nm_OCL revision 1.0
  Operating conditions:   worst_low (balanced_tree)
  Wireload mode:          enclosed
  Area mode:              timing library
============================================================

                              
   Gate    Instances   Area         Library       
--------------------------------------------------
AND2_X1           10    2.949    NanGate_15nm_OCL 
AND2_X2            1    0.344    NanGate_15nm_OCL 
AND3_X1            3    1.180    NanGate_15nm_OCL 
AOI21_X1          41   12.091    NanGate_15nm_OCL 
AOI22_X1          31   10.666    NanGate_15nm_OCL 
DFFSNQ_X1         34   43.450    NanGate_15nm_OCL 
INV_X1           123   18.137    NanGate_15nm_OCL 
NAND2_X1         113   22.217    NanGate_15nm_OCL 
NAND3_X1          15    4.424    NanGate_15nm_OCL 
NAND4_X1          14    4.817    NanGate_15nm_OCL 
NOR2_X1          105   20.644    NanGate_15nm_OCL 
NOR3_X1            7    2.064    NanGate_15nm_OCL 
NOR4_X1            7    2.408    NanGate_15nm_OCL 
OAI21_X1          55   16.220    NanGate_15nm_OCL 
OAI22_X1          12    4.129    NanGate_15nm_OCL 
OR2_X1             9    2.654    NanGate_15nm_OCL 
OR4_X1             2    0.885    NanGate_15nm_OCL 
XNOR2_X1          11    4.866    NanGate_15nm_OCL 
XOR2_X1           36   15.925    NanGate_15nm_OCL 
--------------------------------------------------
total            629  190.071                     


                                    
   Type    Instances   Area  Area % 
------------------------------------
sequential        34  43.450   22.9 
inverter         123  18.137    9.5 
logic            472 128.483   67.6 
------------------------------------
total            629 190.071  100.0 

